<?xml version="1.0" encoding="UTF-8"?>
<!-- Generated by org.testng.reporters.JUnitReportReporter -->
<testsuite hostname="shraddha-bhirud" failures="0" tests="2" name="com.application.test.MandateType_Test" time="44.316" errors="0" timestamp="2023-10-06T13:13:06 IST" skipped="0">
  <testcase classname="com.application.test.MandateType_Test" name="verfiyCreateMandateTypeFunctionality" time="22.089"/>
  <system-out/>
  <testcase classname="com.application.test.MandateType_Test" name="verfiyCreateMandateTypeFunctionality" time="22.227"/>
  <system-out/>
</testsuite> <!-- com.application.test.MandateType_Test -->
