<?xml version="1.0" encoding="UTF-8"?>
<!-- Generated by org.testng.reporters.JUnitReportReporter -->
<testsuite hostname="shraddha-bhirud" failures="0" tests="4" name="com.application.test.SponsorCollectionBankTest" time="78.640" errors="0" timestamp="2023-10-10T11:59:00 IST" skipped="0">
  <testcase classname="com.application.test.SponsorCollectionBankTest" name="verfiyCreateSponsorCollectionBankFunctionality" time="32.186"/>
  <system-out/>
  <testcase classname="com.application.test.SponsorCollectionBankTest" name="verifyEditFunctionality" time="14.153"/>
  <system-out/>
  <testcase classname="com.application.test.SponsorCollectionBankTest" name="verifySearchFunctionality" time="13.236"/>
  <system-out/>
  <testcase classname="com.application.test.SponsorCollectionBankTest" name="verifyExportFunctionality" time="19.065"/>
  <system-out/>
</testsuite> <!-- com.application.test.SponsorCollectionBankTest -->
