<?xml version="1.0" encoding="UTF-8"?>
<!-- Generated by org.testng.reporters.JUnitReportReporter -->
<testsuite hostname="shraddha-bhirud" failures="0" tests="1" name="com.application.test.MetaDataRecordsTest" time="56.141" errors="0" timestamp="2023-10-26T18:13:59 IST" skipped="0">
  <testcase classname="com.application.test.MetaDataRecordsTest" name="verifyLoginFunctionality" time="56.141"/>
  <system-out/>
</testsuite> <!-- com.application.test.MetaDataRecordsTest -->
