<?xml version="1.0" encoding="UTF-8"?>
<!-- Generated by org.testng.reporters.JUnitReportReporter -->
<testsuite hostname="shraddha-bhirud" failures="0" tests="1" name="com.application.test.NupayBankReportTest" time="15.744" errors="0" timestamp="2023-10-06T13:13:06 IST" skipped="0">
  <testcase classname="com.application.test.NupayBankReportTest" name="verifyNupayBankReportDownloadFunctionality" time="15.744"/>
  <system-out/>
</testsuite> <!-- com.application.test.NupayBankReportTest -->
