<?xml version="1.0" encoding="UTF-8"?>
<!-- Generated by org.testng.reporters.JUnitReportReporter -->
<testsuite hostname="shraddha-bhirud" failures="0" tests="1" name="com.application.test.ApplicationTest" time="7.217" errors="0" timestamp="2023-09-08T12:43:48 IST" skipped="0">
  <testcase classname="com.application.test.ApplicationTest" name="verfiyApplicationLoginFunctionality" time="7.217"/>
  <system-out/>
</testsuite> <!-- com.application.test.ApplicationTest -->
