<?xml version="1.0" encoding="UTF-8"?>
<!-- Generated by org.testng.reporters.JUnitReportReporter -->
<testsuite hostname="shraddha-bhirud" failures="0" tests="3" name="com.application.test.CreateCompanyTest" time="45.755" errors="0" timestamp="2023-10-06T13:13:06 IST" skipped="1">
  <testcase classname="com.application.test.CreateCompanyTest" name="verfiyCreateCompanyFunctionality" time="23.416"/>
  <system-out/>
  <testcase classname="com.application.test.CreateCompanyTest" name="verfiyCreateCompanyFunctionality" time="22.339"/>
  <system-out/>
  <testcase classname="com.application.test.CreateCompanyTest" name="verfiyEditCompanyFunctionality">
    <skipped/>
  </testcase> <!-- verfiyEditCompanyFunctionality -->
  <system-out/>
</testsuite> <!-- com.application.test.CreateCompanyTest -->
