<?xml version="1.0" encoding="UTF-8"?>
<!-- Generated by org.testng.reporters.JUnitReportReporter -->
<testsuite hostname="shraddha-bhirud" failures="0" tests="1" name="com.application.test.LoginPageTest" time="8.192" errors="0" timestamp="2023-10-27T16:10:04 IST" skipped="0">
  <testcase classname="com.application.test.LoginPageTest" name="verifyLoginFunctionality" time="8.192"/>
  <system-out/>
</testsuite> <!-- com.application.test.LoginPageTest -->
