<?xml version="1.0" encoding="UTF-8"?>
<!-- Generated by org.testng.reporters.JUnitReportReporter -->
<testsuite hostname="shraddha-bhirud" failures="0" tests="1" name="com.application.test.DownloadCallRecordsTest" time="35.831" errors="0" timestamp="2023-10-26T16:31:18 IST" skipped="0">
  <testcase classname="com.application.test.DownloadCallRecordsTest" name="verifyDownloadCallRecordFuntionality" time="35.831"/>
  <system-out/>
</testsuite> <!-- com.application.test.DownloadCallRecordsTest -->
