<?xml version="1.0" encoding="UTF-8"?>
<!-- Generated by org.testng.reporters.JUnitReportReporter -->
<testsuite hostname="shraddha-bhirud" failures="0" tests="1" name="com.application.test.SponsorBankCollectionBankTest" time="0.000" errors="0" timestamp="2023-09-20T18:06:22 IST" skipped="1">
  <testcase classname="com.application.test.SponsorBankCollectionBankTest" name="verifyclickSponsorBankDropdownFunctionality" time="0.000">
    <skipped/>
  </testcase> <!-- verifyclickSponsorBankDropdownFunctionality -->
  <system-out/>
</testsuite> <!-- com.application.test.SponsorBankCollectionBankTest -->
