<?xml version="1.0" encoding="UTF-8"?>
<!-- Generated by org.testng.reporters.JUnitReportReporter -->
<testsuite hostname="shraddha-bhirud" failures="0" tests="1" name="com.application.test.RoleManagementTest" time="11.703" errors="0" timestamp="2023-10-27T14:54:33 IST" skipped="0">
  <testcase classname="com.application.test.RoleManagementTest" name="verifyEditFunctionality" time="11.703"/>
  <system-out/>
</testsuite> <!-- com.application.test.RoleManagementTest -->
