<?xml version="1.0" encoding="UTF-8"?>
<!-- Generated by org.testng.reporters.JUnitReportReporter -->
<testsuite hostname="shraddha-bhirud" failures="0" tests="2" name="com.application.test.SourceSystemTest" time="24.874" errors="0" timestamp="2023-10-06T14:04:34 IST" skipped="1">
  <testcase classname="com.application.test.SourceSystemTest" name="verfiyCreateSourceSystemFunctionality" time="24.874"/>
  <system-out/>
  <testcase classname="com.application.test.SourceSystemTest" name="verfiyEditSourceSystemFunctionality">
    <skipped/>
  </testcase> <!-- verfiyEditSourceSystemFunctionality -->
  <system-out/>
</testsuite> <!-- com.application.test.SourceSystemTest -->
