<?xml version="1.0" encoding="UTF-8"?>
<!-- Generated by org.testng.reporters.JUnitReportReporter -->
<testsuite hostname="shraddha-bhirud" failures="0" tests="2" name="com.application.test.FrequencyTest" time="29.065" errors="0" timestamp="2023-10-06T13:13:06 IST" skipped="1">
  <testcase classname="com.application.test.FrequencyTest" name="verfiyCreateFrequencyFunctionality" time="29.065"/>
  <system-out/>
  <testcase classname="com.application.test.FrequencyTest" name="verifyEditFrequencyFunctionality">
    <skipped/>
  </testcase> <!-- verifyEditFrequencyFunctionality -->
  <system-out/>
</testsuite> <!-- com.application.test.FrequencyTest -->
