<?xml version="1.0" encoding="UTF-8"?>
<!-- Generated by org.testng.reporters.JUnitReportReporter -->
<testsuite hostname="shraddha-bhirud" failures="0" tests="1" name="com.application.test.CallRecordsTest" time="86.050" errors="0" timestamp="2023-10-30T12:29:25 IST" skipped="0">
  <testcase classname="com.application.test.CallRecordsTest" name="verifyCallRecordFuntionality" time="86.050"/>
  <system-out/>
</testsuite> <!-- com.application.test.CallRecordsTest -->
