<?xml version="1.0" encoding="UTF-8"?>
<!-- Generated by org.testng.reporters.JUnitReportReporter -->
<testsuite hostname="shraddha-bhirud" failures="0" tests="1" name="com.application.test.SponsorBankCollectionTest" time="0.000" errors="0" timestamp="2023-10-03T10:08:30 IST" skipped="1">
  <testcase classname="com.application.test.SponsorBankCollectionTest" name="verifyclickSponsorBankDropdownFunctionality" time="0.000">
    <skipped/>
  </testcase> <!-- verifyclickSponsorBankDropdownFunctionality -->
  <system-out/>
</testsuite> <!-- com.application.test.SponsorBankCollectionTest -->
